<?xml version="1.0" encoding="UTF-8"?>
<!-- Generated by org.testng.reporters.JUnitXMLReporter -->
<testsuite ignored="0" hostname="Manjeet" failures="3" tests="4" name="Tests" time="0.155" errors="0" timestamp="2026-01-21T23:02:00 IST">
  <testcase classname="testclasses.TestCases" name="test_homeLoan" time="0.103">
    <failure type="java.lang.NoClassDefFoundError" message="dev/failsafe/Policy">
      <![CDATA[java.lang.NoClassDefFoundError: dev/failsafe/Policy
at org.openqa.selenium.remote.http.ClientConfig.<clinit>(ClientConfig.java:33)
at org.openqa.selenium.chrome.ChromeDriver.<init>(ChromeDriver.java:84)
at org.openqa.selenium.chrome.ChromeDriver.<init>(ChromeDriver.java:73)
at baseclasses.BaseTestClass.invokeBrowser(BaseTestClass.java:59)
at testclasses.TestCases.test_homeLoan(TestCases.java:23)
at java.base/java.util.ArrayList.forEach(ArrayList.java:1511)
Caused by: java.lang.ClassNotFoundException: dev.failsafe.Policy
at java.base/jdk.internal.loader.BuiltinClassLoader.loadClass(BuiltinClassLoader.java:641)
at java.base/jdk.internal.loader.ClassLoaders$AppClassLoader.loadClass(ClassLoaders.java:188)
at java.base/java.lang.ClassLoader.loadClass(ClassLoader.java:525)
... 32 more
... Removed 26 stack frames]]>
    </failure>
  </testcase> <!-- test_homeLoan -->
  <testcase classname="testclasses.TestCases" name="test_carLoan" time="0.004">
    <failure type="java.lang.NoClassDefFoundError" message="Could not initialize class org.openqa.selenium.remote.http.ClientConfig">
      <![CDATA[java.lang.NoClassDefFoundError: Could not initialize class org.openqa.selenium.remote.http.ClientConfig
at org.openqa.selenium.chrome.ChromeDriver.<init>(ChromeDriver.java:84)
at org.openqa.selenium.chrome.ChromeDriver.<init>(ChromeDriver.java:73)
at baseclasses.BaseTestClass.invokeBrowser(BaseTestClass.java:59)
at testclasses.TestCases.test_carLoan(TestCases.java:50)
at java.base/java.util.ArrayList.forEach(ArrayList.java:1511)
Caused by: java.lang.ExceptionInInitializerError: Exception java.lang.NoClassDefFoundError: dev/failsafe/Policy [in thread "main"]
at org.openqa.selenium.remote.http.ClientConfig.<clinit>(ClientConfig.java:33)
at org.openqa.selenium.chrome.ChromeDriver.<init>(ChromeDriver.java:84)
at org.openqa.selenium.chrome.ChromeDriver.<init>(ChromeDriver.java:73)
at baseclasses.BaseTestClass.invokeBrowser(BaseTestClass.java:59)
at testclasses.TestCases.test_homeLoan(TestCases.java:23)
... 27 more
... Removed 26 stack frames]]>
    </failure>
  </testcase> <!-- test_carLoan -->
  <testcase classname="testclasses.TestCases" name="test_EmiCalculator" time="0.002">
    <failure type="java.lang.NoClassDefFoundError" message="Could not initialize class org.openqa.selenium.remote.http.ClientConfig">
      <![CDATA[java.lang.NoClassDefFoundError: Could not initialize class org.openqa.selenium.remote.http.ClientConfig
at org.openqa.selenium.chrome.ChromeDriver.<init>(ChromeDriver.java:84)
at org.openqa.selenium.chrome.ChromeDriver.<init>(ChromeDriver.java:73)
at baseclasses.BaseTestClass.invokeBrowser(BaseTestClass.java:59)
at testclasses.TestCases.test_EmiCalculator(TestCases.java:78)
at java.base/java.util.ArrayList.forEach(ArrayList.java:1511)
Caused by: java.lang.ExceptionInInitializerError: Exception java.lang.NoClassDefFoundError: dev/failsafe/Policy [in thread "main"]
at org.openqa.selenium.remote.http.ClientConfig.<clinit>(ClientConfig.java:33)
at org.openqa.selenium.chrome.ChromeDriver.<init>(ChromeDriver.java:84)
at org.openqa.selenium.chrome.ChromeDriver.<init>(ChromeDriver.java:73)
at baseclasses.BaseTestClass.invokeBrowser(BaseTestClass.java:59)
at testclasses.TestCases.test_homeLoan(TestCases.java:23)
... 27 more
... Removed 26 stack frames]]>
    </failure>
  </testcase> <!-- test_EmiCalculator -->
  <testcase classname="com.cognizant_hackathon.team_gangadhar.AppTest" name="shouldAnswerWithTrue" time="0.008"/>
</testsuite> <!-- Tests -->
