<?xml version="1.0" encoding="UTF-8"?>
<!-- Generated by org.testng.reporters.JUnitXMLReporter -->
<testsuite ignored="0" hostname="Manjeet" failures="0" tests="3" name="Tests" time="32.559" errors="0" timestamp="2026-02-08T17:13:44 IST">
  <testcase classname="com.cognizant_hackathon.TestCases" name="test_homeLoan" time="4.509"/>
  <testcase classname="com.cognizant_hackathon.TestCases" name="test_carLoan" time="4.589"/>
  <testcase classname="com.cognizant_hackathon.TestCases" name="test_EmiCalculator" time="16.642"/>
</testsuite> <!-- Tests -->
