<?xml version="1.0" encoding="UTF-8"?>
<!-- Generated by org.testng.reporters.JUnitXMLReporter -->
<testsuite ignored="0" hostname="Manjeet" failures="0" tests="3" name="Tests" time="41.781" errors="0" timestamp="2026-02-03T14:35:58 IST">
  <testcase classname="com.cognizant.TestCases" name="test_homeLoan" time="9.409"/>
  <testcase classname="com.cognizant.TestCases" name="test_carLoan" time="6.828"/>
  <testcase classname="com.cognizant.TestCases" name="test_EmiCalculator" time="8.194"/>
</testsuite> <!-- Tests -->
