<?xml version="1.0" encoding="UTF-8"?>
<testng-results ignored="0" total="3" passed="3" failed="0" skipped="0">
  <reporter-output>
  </reporter-output>
  <suite started-at="2026-01-28T00:26:52 IST" name="EMI Calculator Test Suite" finished-at="2026-01-28T00:29:51 IST" duration-ms="178871">
    <groups>
    </groups>
    <test started-at="2026-01-28T00:26:52 IST" name="Tests" finished-at="2026-01-28T00:29:51 IST" duration-ms="178871">
      <class name="com.cognizant_hackathon.TestCases">
        <test-method is-config="true" signature="setUp()[pri:0, instance:com.cognizant_hackathon.TestCases@20deea7f]" started-at="2026-01-28T00:26:52 IST" name="setUp" finished-at="2026-01-28T00:26:54 IST" duration-ms="2165" status="PASS">
          <reporter-output>
          </reporter-output>
        </test-method> <!-- setUp -->
        <test-method signature="test_homeLoan()[pri:1, instance:com.cognizant_hackathon.TestCases@20deea7f]" started-at="2026-01-28T00:26:54 IST" name="test_homeLoan" finished-at="2026-01-28T00:27:44 IST" duration-ms="50196" status="PASS">
          <reporter-output>
          </reporter-output>
        </test-method> <!-- test_homeLoan -->
        <test-method is-config="true" signature="tearDown()[pri:0, instance:com.cognizant_hackathon.TestCases@20deea7f]" started-at="2026-01-28T00:27:44 IST" name="tearDown" finished-at="2026-01-28T00:27:46 IST" duration-ms="2231" status="PASS">
          <reporter-output>
          </reporter-output>
        </test-method> <!-- tearDown -->
        <test-method is-config="true" signature="setUp()[pri:0, instance:com.cognizant_hackathon.TestCases@20deea7f]" started-at="2026-01-28T00:27:46 IST" name="setUp" finished-at="2026-01-28T00:27:47 IST" duration-ms="1081" status="PASS">
          <reporter-output>
          </reporter-output>
        </test-method> <!-- setUp -->
        <test-method signature="test_carLoan()[pri:2, instance:com.cognizant_hackathon.TestCases@20deea7f]" started-at="2026-01-28T00:27:47 IST" name="test_carLoan" finished-at="2026-01-28T00:28:38 IST" duration-ms="51119" status="PASS">
          <reporter-output>
          </reporter-output>
        </test-method> <!-- test_carLoan -->
        <test-method is-config="true" signature="tearDown()[pri:0, instance:com.cognizant_hackathon.TestCases@20deea7f]" started-at="2026-01-28T00:28:38 IST" name="tearDown" finished-at="2026-01-28T00:28:41 IST" duration-ms="2199" status="PASS">
          <reporter-output>
          </reporter-output>
        </test-method> <!-- tearDown -->
        <test-method is-config="true" signature="setUp()[pri:0, instance:com.cognizant_hackathon.TestCases@20deea7f]" started-at="2026-01-28T00:28:41 IST" name="setUp" finished-at="2026-01-28T00:28:42 IST" duration-ms="1105" status="PASS">
          <reporter-output>
          </reporter-output>
        </test-method> <!-- setUp -->
        <test-method signature="test_EmiCalculator()[pri:3, instance:com.cognizant_hackathon.TestCases@20deea7f]" started-at="2026-01-28T00:28:42 IST" name="test_EmiCalculator" finished-at="2026-01-28T00:29:48 IST" duration-ms="66435" status="PASS">
          <reporter-output>
          </reporter-output>
        </test-method> <!-- test_EmiCalculator -->
        <test-method is-config="true" signature="tearDown()[pri:0, instance:com.cognizant_hackathon.TestCases@20deea7f]" started-at="2026-01-28T00:29:48 IST" name="tearDown" finished-at="2026-01-28T00:29:50 IST" duration-ms="2271" status="PASS">
          <reporter-output>
          </reporter-output>
        </test-method> <!-- tearDown -->
      </class> <!-- com.cognizant_hackathon.TestCases -->
    </test> <!-- Tests -->
  </suite> <!-- EMI Calculator Test Suite -->
</testng-results>
