<?xml version="1.0" encoding="UTF-8"?>
<testsuite xmlns:xsi="http://www.w3.org/2001/XMLSchema-instance" xsi:noNamespaceSchemaLocation="https://maven.apache.org/surefire/maven-surefire-plugin/xsd/surefire-test-report-3.0.xsd" version="3.0" name="TestSuite" time="177.787" tests="3" errors="0" skipped="0" failures="0">
  <properties>
[...]
</properties>
  <testcase name="test_homeLoan" classname="com.cognizant.TestCases" time="47.984">
    <system-out><![CDATA[
==========================================
🔧 SETTING UP BROWSER FOR TEST
==========================================

✅ PageBaseClass initialized!
==========================================



╔════════════════════════════════════════════════════════════╗
║     TEST CASE 1: HOME LOAN CALCULATOR TEST                    ║
╚════════════════════════════════════════════════════════════╝

🌐 Navigating to https://emicalculator.net/
⏳ Waiting 5 seconds for page to fully load...
✅ LandingPage initialized!
📄 Verifying page title...
📄 Checking page title...
   Expected: EMI Calculator for Home Loan, Car Loan & Personal Loan in India
   Actual:   EMI Calculator for Home Loan, Car Loan & Personal Loan in India
✅ Page title matches! Test passed!
📊 Setting loan details...
📜 Scrolling page by 200 pixels...
✅ Scrolled successfully!
💰 Entering Loan Amount: ₹1500000
✅ Loan Amount entered successfully!
📊 Entering Interest Rate: 9.5%
✅ Interest Rate entered successfully!
📅 Entering Loan Tenure: 1 year(s)
✅ Loan Tenure entered successfully!
📜 Scrolling page by 400 pixels...
✅ Scrolled successfully!
✅ Verifying EMI calculations...
🔍 Verifying EMI Amount...
   Expected: ₹1,31,525
   Actual:   ₹1,31,525
✅ EMI Amount verification passed!
🔍 Verifying Total Interest...
   Expected: ₹78,303
   Actual:   ₹78,303
✅ Total Interest verification passed!
🔍 Verifying Total Payment...
   Expected: ₹15,78,303
   Actual:   ₹15,78,303
✅ Total Payment verification passed!
📋 Extracting data from table...
📜 Scrolling page by 1200 pixels...
✅ Scrolled successfully!

📊 Extracting table data and storing in Excel...
   Sheet Name: home_loan
   Extracting headers...
     Header: Year
     Header: Principal
(A)
     Header: Interest
(B)
     Header: Total Payment
(A + B)
     Header: Balance
     Header: Loan Paid To Date
   Extracting data rows...
✅ Data extracted and stored in Excel successfully!

✅✅✅ HOME LOAN TEST CASE PASSED SUCCESSFULLY! ✅✅✅

✅ TEST PASSED: Home Loan Test Passed Successfully
📸 Taking screenshot...
✅ Screenshot saved: Pass-Wed Jan 28 00_40_23 IST 2026.png
👁️  Browser will stay open for 8 seconds for visual verification...
]]></system-out>
    <system-err><![CDATA[SLF4J: Failed to load class "org.slf4j.impl.StaticLoggerBinder".
SLF4J: Defaulting to no-operation (NOP) logger implementation
SLF4J: See http://www.slf4j.org/codes.html#StaticLoggerBinder for further details.
Jan 28, 2026 12:39:43 AM org.openqa.selenium.devtools.CdpVersionFinder findNearestMatch
WARNING: Unable to find CDP implementation matching 144
Jan 28, 2026 12:39:43 AM org.openqa.selenium.chromium.ChromiumDriver lambda$new$5
WARNING: Unable to find version of CDP to use for 144.0.7559.97. You may need to include a dependency on a specific version of the CDP using something similar to `org.seleniumhq.selenium:selenium-devtools-v86:4.19.1` where the version ("v86") matches the version of the chromium-based browser you're using and the version number of the artifact is the same as Selenium's.
ERROR StatusLogger Log4j2 could not find a logging implementation. Please add log4j-core to the classpath. Using SimpleLogger to log to the console...
]]></system-err>
  </testcase>
  <testcase name="test_carLoan" classname="com.cognizant.TestCases" time="51.005">
    <system-out><![CDATA[
==========================================
🔒 CLOSING BROWSER
==========================================

⏳ Waiting 2 seconds before closing browser...
✅ Browser closed successfully!
==========================================


==========================================
🔧 SETTING UP BROWSER FOR TEST
==========================================

✅ PageBaseClass initialized!
==========================================



╔════════════════════════════════════════════════════════════╗
║     TEST CASE 2: CAR LOAN CALCULATOR TEST                     ║
║     Finding Interest & Principal for First Month              ║
╚════════════════════════════════════════════════════════════╝

🌐 Navigating to https://emicalculator.net/
⏳ Waiting 5 seconds for page to fully load...
✅ LandingPage initialized!
📄 Verifying page title...
📄 Checking page title...
   Expected: EMI Calculator for Home Loan, Car Loan & Personal Loan in India
   Actual:   EMI Calculator for Home Loan, Car Loan & Personal Loan in India
✅ Page title matches! Test passed!
🚗 Clicking Car Loan tab...
📜 Scrolling page by 200 pixels...
✅ Scrolled successfully!
🚗 Clicking Car Loan tab...
✅ Car Loan tab clicked successfully!
📊 Setting loan details...
💰 Entering Loan Amount: ₹1500000
✅ Loan Amount entered successfully!
📊 Entering Interest Rate: 9.5%
✅ Interest Rate entered successfully!
📅 Entering Loan Tenure: 1 year(s)
✅ Loan Tenure entered successfully!
📜 Scrolling page by 400 pixels...
✅ Scrolled successfully!
✅ Verifying EMI calculations...
🔍 Verifying EMI Amount...
   Expected: ₹1,31,525
   Actual:   ₹1,31,525
✅ EMI Amount verification passed!
🔍 Verifying Total Interest...
   Expected: ₹78,303
   Actual:   ₹78,303
✅ Total Interest verification passed!
🔍 Verifying Total Payment...
   Expected: ₹15,78,303
   Actual:   ₹15,78,303
✅ Total Payment verification passed!
📋 Extracting data from table...
📜 Scrolling page by 1200 pixels...
✅ Scrolled successfully!

📊 Extracting table data and storing in Excel...
   Sheet Name: car_loan
   Extracting headers...
     Header: Year
     Header: Principal
(A)
     Header: Interest
(B)
     Header: Total Payment
(A + B)
     Header: Balance
     Header: Loan Paid To Date
   Extracting data rows...
✅ Data extracted and stored in Excel successfully!

✅✅✅ CAR LOAN TEST CASE PASSED SUCCESSFULLY! ✅✅✅

✅ TEST PASSED: Car Loan Test Passed Successfully
📸 Taking screenshot...
✅ Screenshot saved: Pass-Wed Jan 28 00_41_17 IST 2026.png
👁️  Browser will stay open for 8 seconds for visual verification...
]]></system-out>
    <system-err><![CDATA[Jan 28, 2026 12:40:34 AM org.openqa.selenium.devtools.CdpVersionFinder findNearestMatch
WARNING: Unable to find CDP implementation matching 144
Jan 28, 2026 12:40:34 AM org.openqa.selenium.chromium.ChromiumDriver lambda$new$5
WARNING: Unable to find version of CDP to use for 144.0.7559.97. You may need to include a dependency on a specific version of the CDP using something similar to `org.seleniumhq.selenium:selenium-devtools-v86:4.19.1` where the version ("v86") matches the version of the chromium-based browser you're using and the version number of the artifact is the same as Selenium's.
]]></system-err>
  </testcase>
  <testcase name="test_EmiCalculator" classname="com.cognizant.TestCases" time="66.918">
    <system-out><![CDATA[
==========================================
🔒 CLOSING BROWSER
==========================================

⏳ Waiting 2 seconds before closing browser...
✅ Browser closed successfully!
==========================================


==========================================
🔧 SETTING UP BROWSER FOR TEST
==========================================

✅ PageBaseClass initialized!
==========================================



╔════════════════════════════════════════════════════════════╗
║     TEST CASE 3: EMI CALCULATOR UI VALIDATION TEST           ║
║     Testing text boxes, scales, and tenure changes          ║
╚════════════════════════════════════════════════════════════╝

🌐 Navigating to https://emicalculator.net/
⏳ Waiting 5 seconds for page to fully load...
✅ LandingPage initialized!
📄 Verifying page title...
📄 Checking page title...
   Expected: EMI Calculator for Home Loan, Car Loan & Personal Loan in India
   Actual:   EMI Calculator for Home Loan, Car Loan & Personal Loan in India
✅ Page title matches! Test passed!
🔗 Navigating to Loan Calculator...
🧭 Navigating to Loan Calculator...
✅ Clicked Calculator Menu Option
✅ Clicked Loan Calculator Option
✅ Navigated to Loan Calculator Page successfully!
Waiting for page to load completely...
Page loaded successfully!
🔄 Handling ads...
🪟 Handling advertisement popup...
⚠️ WARNING: Could not close ad (this is okay if ad doesn't appear) - no such element: Unable to locate element: {"method":"xpath","selector":"//html/ins/div/iframe[contains(@id, 'aswift_')]"}
  (Session info: chrome=144.0.7559.97)
For documentation on this error, please visit: https://www.selenium.dev/documentation/webdriver/troubleshooting/errors#no-such-element-exception
Build info: version: '4.19.1', revision: 'abe0ee07dc'
System info: os.name: 'Windows 11', os.arch: 'amd64', os.version: '10.0', java.version: '17.0.17'
Driver info: org.openqa.selenium.chrome.ChromeDriver
Command: [2363703cabc2ecdea6130280776dff5c, findElement {value=//html/ins/div/iframe[contains(@id, 'aswift_')], using=xpath}]
Capabilities {acceptInsecureCerts: false, browserName: chrome, browserVersion: 144.0.7559.97, chrome: {chromedriverVersion: 144.0.7559.96 (d7b80622cfab..., userDataDir: C:\Users\Dell\AppData\Local...}, fedcm:accounts: true, goog:chromeOptions: {debuggerAddress: localhost:60024}, goog:processID: 9572, networkConnectionEnabled: false, pageLoadStrategy: normal, platformName: windows, proxy: Proxy(), se:cdp: ws://localhost:60024/devtoo..., se:cdpVersion: 144.0.7559.97, setWindowRect: true, strictFileInteractability: false, timeouts: {implicit: 0, pageLoad: 300000, script: 30000}, unhandledPromptBehavior: dismiss and notify, webauthn:extension:credBlob: true, webauthn:extension:largeBlob: true, webauthn:extension:minPinLength: true, webauthn:extension:prf: true, webauthn:virtualAuthenticators: true}
Session ID: 2363703cabc2ecdea6130280776dff5c
📄 Verifying Loan Calculator page title...
📄 Checking page title...
   Expected: Loan Calculator — Calculate EMI, Affordability, Tenure & Interest Rate
   Actual:   Loan Calculator — Calculate EMI, Affordability, Tenure & Interest Rate
✅ Page title matches! Test passed!
📊 Setting loan details...
💰 Entering Loan Amount: ₹1500000
✅ Loan Amount entered successfully!
📊 Entering Interest Rate: 9.5%
✅ Interest Rate entered successfully!
📅 Entering Loan Tenure: 1 year(s)
✅ Loan Tenure entered successfully!
💵 Entering Fees & Charges: ₹10000
✅ Fees & Charges entered successfully!
🖱️ Clicking Loan Amount field...
✅ Clicked Loan Amount field!
✅ Verifying loan calculations...
🔍 Verifying Loan EMI...
   Expected: 1,31,525.27
   Actual:   1,31,525.27
✅ Loan EMI verification passed!
🔍 Verifying Loan APR...
   Expected: 10.76
   Actual:   10.76
✅ Loan APR verification passed!
📜 Scrolling page by 600 pixels...
✅ Scrolled successfully!
🔍 Verifying Total Interest...
   Expected: 78,303
   Actual:   78,303
✅ Total Interest verification passed!
🔍 Verifying Total Payment...
   Expected: 15,88,303
   Actual:   15,88,303
✅ Total Payment verification passed!
📋 Extracting data from table...
📜 Scrolling page by 1000 pixels...
✅ Scrolled successfully!

📊 Extracting table data and storing in Excel...
   Sheet Name: emi_calculator
   Extracting headers...
     Header: Year
     Header: Principal
(A)
     Header: Interest
(B)
     Header: Total Payment
(A + B)
     Header: Balance
     Header: Loan Paid To Date
   Extracting data rows...
✅ Data extracted and stored in Excel successfully!

✅✅✅ EMI CALCULATOR TEST CASE PASSED SUCCESSFULLY! ✅✅✅

✅ TEST PASSED: EMI Calculator Test Passed Successfully
📸 Taking screenshot...
✅ Screenshot saved: Pass-Wed Jan 28 00_42_28 IST 2026.png
👁️  Browser will stay open for 8 seconds for visual verification...
]]></system-out>
    <system-err><![CDATA[Jan 28, 2026 12:41:29 AM org.openqa.selenium.devtools.CdpVersionFinder findNearestMatch
WARNING: Unable to find CDP implementation matching 144
Jan 28, 2026 12:41:29 AM org.openqa.selenium.chromium.ChromiumDriver lambda$new$5
WARNING: Unable to find version of CDP to use for 144.0.7559.97. You may need to include a dependency on a specific version of the CDP using something similar to `org.seleniumhq.selenium:selenium-devtools-v86:4.19.1` where the version ("v86") matches the version of the chromium-based browser you're using and the version number of the artifact is the same as Selenium's.
]]></system-err>
  </testcase>
</testsuite>