<?xml version="1.0" encoding="UTF-8"?>
<!-- Generated by org.testng.reporters.JUnitXMLReporter -->
<testsuite ignored="0" hostname="Manjeet" failures="1" tests="4" name="Tests" time="2.12" errors="0" timestamp="2026-01-21T22:30:55 IST">
  <testcase classname="baseclasses.BaseTestClass" name="@AfterMethod tearDown" time="0.524">
    <failure type="java.lang.NullPointerException" message="Cannot invoke &amp;quot;org.openqa.selenium.WebDriver.quit()&amp;quot; because &amp;quot;this.driver&amp;quot; is null">
      <![CDATA[java.lang.NullPointerException: Cannot invoke "org.openqa.selenium.WebDriver.quit()" because "this.driver" is null
at baseclasses.BaseTestClass.tearDown(BaseTestClass.java:59)
at java.base/java.util.ArrayList.forEach(ArrayList.java:1511)
... Removed 36 stack frames]]>
    </failure>
  </testcase> <!-- @AfterMethod tearDown -->
  <testcase classname="baseclasses.BaseTestClass" name="@AfterMethod tearDown" time="0.0">
    <skipped/>
  </testcase> <!-- @AfterMethod tearDown -->
  <testcase classname="baseclasses.BaseTestClass" name="@AfterMethod tearDown" time="0.0">
    <skipped/>
  </testcase> <!-- @AfterMethod tearDown -->
  <testcase classname="testclasses.TestCases" name="test_homeLoan" time="1.523">
    <failure type="java.lang.NullPointerException" message="Cannot invoke &amp;quot;org.openqa.selenium.WebDriver.manage()&amp;quot; because &amp;quot;this.driver&amp;quot; is null">
      <![CDATA[java.lang.NullPointerException: Cannot invoke "org.openqa.selenium.WebDriver.manage()" because "this.driver" is null
at baseclasses.BaseTestClass.invokeBrowser(BaseTestClass.java:51)
at testclasses.TestCases.test_homeLoan(TestCases.java:26)
at java.base/java.util.ArrayList.forEach(ArrayList.java:1511)
... Removed 31 stack frames]]>
    </failure>
  </testcase> <!-- test_homeLoan -->
  <testcase classname="testclasses.TestCases" name="test_carLoan" time="0.0">
    <skipped/>
  </testcase> <!-- test_carLoan -->
  <testcase classname="testclasses.TestCases" name="test_EmiCalculator" time="0.0">
    <skipped/>
  </testcase> <!-- test_EmiCalculator -->
  <testcase classname="com.cognizant_hackathon.team_gangadhar.AppTest" name="shouldAnswerWithTrue" time="0.002"/>
</testsuite> <!-- Tests -->
