<?xml version="1.0" encoding="UTF-8"?>
<!-- Generated by org.testng.reporters.JUnitReportReporter -->
<testsuite hostname="Manjeet" failures="0" tests="3" name="com.cognizant_hackathon.TestCases" time="178.802" errors="0" timestamp="2026-01-28T00:29:51 IST" skipped="0">
  <testcase classname="com.cognizant_hackathon.TestCases" name="test_homeLoan" time="54.632"/>
  <testcase classname="com.cognizant_hackathon.TestCases" name="test_carLoan" time="54.399"/>
  <testcase classname="com.cognizant_hackathon.TestCases" name="test_EmiCalculator" time="69.771"/>
</testsuite> <!-- com.cognizant_hackathon.TestCases -->
