<?xml version="1.0" encoding="UTF-8"?>
<!-- Generated by org.testng.reporters.JUnitReportReporter -->
<testsuite hostname="Manjeet" failures="0" tests="3" name="com.cognizant.TestCases" time="41.711" errors="0" timestamp="2026-02-03T14:35:58 IST" skipped="0">
  <testcase classname="com.cognizant.TestCases" name="test_homeLoan" time="23.016"/>
  <testcase classname="com.cognizant.TestCases" name="test_carLoan" time="8.509"/>
  <testcase classname="com.cognizant.TestCases" name="test_EmiCalculator" time="10.186"/>
</testsuite> <!-- com.cognizant.TestCases -->
