<?xml version="1.0" encoding="UTF-8"?>
<!-- Generated by org.testng.reporters.JUnitReportReporter -->
<testsuite hostname="Manjeet" failures="0" tests="3" name="com.cognizant.TestCases" time="176.768" errors="0" timestamp="2026-01-28T00:42:38 IST" skipped="0">
  <testcase classname="com.cognizant.TestCases" name="test_homeLoan" time="52.144"/>
  <testcase classname="com.cognizant.TestCases" name="test_carLoan" time="54.382"/>
  <testcase classname="com.cognizant.TestCases" name="test_EmiCalculator" time="70.242"/>
</testsuite> <!-- com.cognizant.TestCases -->
