<?xml version="1.0" encoding="UTF-8"?>
<!-- Generated by org.testng.reporters.JUnitReportReporter -->
<testsuite hostname="Manjeet" failures="0" tests="3" name="com.cognizant_hackathon.TestCases" time="32.454" errors="0" timestamp="2026-02-08T17:13:44 IST" skipped="0">
  <testcase classname="com.cognizant_hackathon.TestCases" name="test_homeLoan" time="6.129"/>
  <testcase classname="com.cognizant_hackathon.TestCases" name="test_carLoan" time="7.993"/>
  <testcase classname="com.cognizant_hackathon.TestCases" name="test_EmiCalculator" time="18.332"/>
</testsuite> <!-- com.cognizant_hackathon.TestCases -->
